<?xml version="1.0" encoding="UTF-8"?>
<!-- Generated by org.testng.reporters.JUnitXMLReporter -->
<testsuite ignored="0" hostname="SATHIYA-PC" failures="0" tests="3" name="edgeTest" time="4.589" errors="0" timestamp="2025-05-10T10:31:00 IST">
  <testcase classname="org.kgisl.testScenario.TestCase_LoginPage" name="Test_1" time="0.217"/>
  <testcase classname="org.kgisl.testScenario.TestCase_LoginPage" name="Test_2" time="0.0">
    <skipped/>
  </testcase> <!-- Test_2 -->
  <testcase classname="org.kgisl.testScenario.TestCase_LoginPage" name="Test_3" time="0.0">
    <skipped/>
  </testcase> <!-- Test_3 -->
</testsuite> <!-- edgeTest -->
