<?xml version="1.0" encoding="UTF-8"?>
<testng-results ignored="0" total="5" passed="4" failed="1" skipped="0">
  <reporter-output>
  </reporter-output>
  <suite started-at="2025-05-12T11:18:06 IST" name="Default suite" finished-at="2025-05-12T11:18:49 IST" duration-ms="43742">
    <groups>
    </groups>
    <test started-at="2025-05-12T11:18:06 IST" name="Default test" finished-at="2025-05-12T11:18:49 IST" duration-ms="43742">
      <class name="org.kgisl.testScenario.TestCase_WriteNotes">
        <test-method is-config="true" signature="setup(java.lang.String,java.lang.String,java.lang.String)[pri:0, instance:org.kgisl.testScenario.TestCase_WriteNotes@792b749c]" started-at="2025-05-12T11:18:06 IST" name="setup" finished-at="2025-05-12T11:18:12 IST" duration-ms="6080" status="PASS">
          <params>
            <param index="0">
              <value>
                <![CDATA[chrome]]>
              </value>
            </param>
            <param index="1">
              <value>
                <![CDATA[sathiya@gmail.com]]>
              </value>
            </param>
            <param index="2">
              <value>
                <![CDATA[Sathiya@123]]>
              </value>
            </param>
          </params>
          <reporter-output>
          </reporter-output>
        </test-method> <!-- setup -->
        <test-method signature="Test_21()[pri:0, instance:org.kgisl.testScenario.TestCase_WriteNotes@792b749c]" started-at="2025-05-12T11:18:12 IST" name="Test_21" finished-at="2025-05-12T11:18:12 IST" duration-ms="314" status="PASS">
          <reporter-output>
          </reporter-output>
        </test-method> <!-- Test_21 -->
        <test-method is-config="true" signature="close()[pri:0, instance:org.kgisl.testScenario.TestCase_WriteNotes@792b749c]" started-at="2025-05-12T11:18:12 IST" name="close" finished-at="2025-05-12T11:18:12 IST" duration-ms="239" status="PASS">
          <reporter-output>
          </reporter-output>
        </test-method> <!-- close -->
        <test-method is-config="true" signature="setup(java.lang.String,java.lang.String,java.lang.String)[pri:0, instance:org.kgisl.testScenario.TestCase_WriteNotes@792b749c]" started-at="2025-05-12T11:18:12 IST" name="setup" finished-at="2025-05-12T11:18:16 IST" duration-ms="4209" status="PASS">
          <params>
            <param index="0">
              <value>
                <![CDATA[chrome]]>
              </value>
            </param>
            <param index="1">
              <value>
                <![CDATA[sathiya@gmail.com]]>
              </value>
            </param>
            <param index="2">
              <value>
                <![CDATA[Sathiya@123]]>
              </value>
            </param>
          </params>
          <reporter-output>
          </reporter-output>
        </test-method> <!-- setup -->
        <test-method signature="Test_22(java.lang.String)[pri:0, instance:org.kgisl.testScenario.TestCase_WriteNotes@792b749c]" started-at="2025-05-12T11:18:16 IST" name="Test_22" finished-at="2025-05-12T11:18:17 IST" duration-ms="398" status="PASS">
          <params>
            <param index="0">
              <value>
                <![CDATA[Kgisl]]>
              </value>
            </param>
          </params>
          <reporter-output>
          </reporter-output>
        </test-method> <!-- Test_22 -->
        <test-method is-config="true" signature="close()[pri:0, instance:org.kgisl.testScenario.TestCase_WriteNotes@792b749c]" started-at="2025-05-12T11:18:17 IST" name="close" finished-at="2025-05-12T11:18:19 IST" duration-ms="1733" status="PASS">
          <reporter-output>
          </reporter-output>
        </test-method> <!-- close -->
        <test-method is-config="true" signature="setup(java.lang.String,java.lang.String,java.lang.String)[pri:0, instance:org.kgisl.testScenario.TestCase_WriteNotes@792b749c]" started-at="2025-05-12T11:18:19 IST" name="setup" finished-at="2025-05-12T11:18:24 IST" duration-ms="5498" status="PASS">
          <params>
            <param index="0">
              <value>
                <![CDATA[chrome]]>
              </value>
            </param>
            <param index="1">
              <value>
                <![CDATA[sathiya@gmail.com]]>
              </value>
            </param>
            <param index="2">
              <value>
                <![CDATA[Sathiya@123]]>
              </value>
            </param>
          </params>
          <reporter-output>
          </reporter-output>
        </test-method> <!-- setup -->
        <test-method signature="Test_23(java.lang.String)[pri:0, instance:org.kgisl.testScenario.TestCase_WriteNotes@792b749c]" started-at="2025-05-12T11:18:24 IST" name="Test_23" finished-at="2025-05-12T11:18:24 IST" duration-ms="396" status="PASS">
          <params>
            <param index="0">
              <value>
                <![CDATA[Kgisl is the best institute of tamilnadu]]>
              </value>
            </param>
          </params>
          <reporter-output>
          </reporter-output>
        </test-method> <!-- Test_23 -->
        <test-method is-config="true" signature="close()[pri:0, instance:org.kgisl.testScenario.TestCase_WriteNotes@792b749c]" started-at="2025-05-12T11:18:24 IST" name="close" finished-at="2025-05-12T11:18:25 IST" duration-ms="271" status="PASS">
          <reporter-output>
          </reporter-output>
        </test-method> <!-- close -->
        <test-method is-config="true" signature="setup(java.lang.String,java.lang.String,java.lang.String)[pri:0, instance:org.kgisl.testScenario.TestCase_WriteNotes@792b749c]" started-at="2025-05-12T11:18:25 IST" name="setup" finished-at="2025-05-12T11:18:29 IST" duration-ms="4438" status="PASS">
          <params>
            <param index="0">
              <value>
                <![CDATA[chrome]]>
              </value>
            </param>
            <param index="1">
              <value>
                <![CDATA[sathiya@gmail.com]]>
              </value>
            </param>
            <param index="2">
              <value>
                <![CDATA[Sathiya@123]]>
              </value>
            </param>
          </params>
          <reporter-output>
          </reporter-output>
        </test-method> <!-- setup -->
        <test-method signature="Test_24(java.lang.String,java.lang.String)[pri:0, instance:org.kgisl.testScenario.TestCase_WriteNotes@792b749c]" started-at="2025-05-12T11:18:29 IST" name="Test_24" finished-at="2025-05-12T11:18:30 IST" duration-ms="493" status="PASS">
          <params>
            <param index="0">
              <value>
                <![CDATA[Kgisl]]>
              </value>
            </param>
            <param index="1">
              <value>
                <![CDATA[Kgisl is the best institute of tamilnad]]>
              </value>
            </param>
          </params>
          <reporter-output>
          </reporter-output>
        </test-method> <!-- Test_24 -->
        <test-method is-config="true" signature="close()[pri:0, instance:org.kgisl.testScenario.TestCase_WriteNotes@792b749c]" started-at="2025-05-12T11:18:30 IST" name="close" finished-at="2025-05-12T11:18:30 IST" duration-ms="268" status="PASS">
          <reporter-output>
          </reporter-output>
        </test-method> <!-- close -->
        <test-method is-config="true" signature="setup(java.lang.String,java.lang.String,java.lang.String)[pri:0, instance:org.kgisl.testScenario.TestCase_WriteNotes@792b749c]" started-at="2025-05-12T11:18:30 IST" name="setup" finished-at="2025-05-12T11:18:36 IST" duration-ms="6096" status="PASS">
          <params>
            <param index="0">
              <value>
                <![CDATA[chrome]]>
              </value>
            </param>
            <param index="1">
              <value>
                <![CDATA[sathiya@gmail.com]]>
              </value>
            </param>
            <param index="2">
              <value>
                <![CDATA[Sathiya@123]]>
              </value>
            </param>
          </params>
          <reporter-output>
          </reporter-output>
        </test-method> <!-- setup -->
        <test-method signature="Test_25()[pri:0, instance:org.kgisl.testScenario.TestCase_WriteNotes@792b749c]" started-at="2025-05-12T11:18:36 IST" name="Test_25" finished-at="2025-05-12T11:18:49 IST" duration-ms="12977" status="FAIL">
          <exception class="java.lang.AssertionError">
            <message>
              <![CDATA[The following asserts failed:
Exception occurred during note creation test.]]>
            </message>
            <full-stacktrace>
              <![CDATA[java.lang.AssertionError: The following asserts failed:
Exception occurred during note creation test.
at org.testng.asserts.SoftAssert.assertAll(SoftAssert.java:46)
at org.testng.asserts.SoftAssert.assertAll(SoftAssert.java:30)
at org.kgisl.testScenario.TestCase_WriteNotes.Test_25(TestCase_WriteNotes.java:130)
at java.base/jdk.internal.reflect.DirectMethodHandleAccessor.invoke(DirectMethodHandleAccessor.java:103)
at java.base/java.lang.reflect.Method.invoke(Method.java:580)
at org.testng.internal.invokers.MethodInvocationHelper.invokeMethod(MethodInvocationHelper.java:141)
at org.testng.internal.invokers.TestInvoker.invokeMethod(TestInvoker.java:687)
at org.testng.internal.invokers.TestInvoker.invokeTestMethod(TestInvoker.java:230)
at org.testng.internal.invokers.MethodRunner.runInSequence(MethodRunner.java:63)
at org.testng.internal.invokers.TestInvoker$MethodInvocationAgent.invoke(TestInvoker.java:995)
at org.testng.internal.invokers.TestInvoker.invokeTestMethods(TestInvoker.java:203)
at org.testng.internal.invokers.TestMethodWorker.invokeTestMethods(TestMethodWorker.java:154)
at org.testng.internal.invokers.TestMethodWorker.run(TestMethodWorker.java:134)
at java.base/java.util.ArrayList.forEach(ArrayList.java:1596)
at org.testng.TestRunner.privateRun(TestRunner.java:741)
at org.testng.TestRunner.run(TestRunner.java:616)
at org.testng.SuiteRunner.runTest(SuiteRunner.java:421)
at org.testng.SuiteRunner.runSequentially(SuiteRunner.java:413)
at org.testng.SuiteRunner.privateRun(SuiteRunner.java:373)
at org.testng.SuiteRunner.run(SuiteRunner.java:312)
at org.testng.SuiteRunnerWorker.runSuite(SuiteRunnerWorker.java:52)
at org.testng.SuiteRunnerWorker.run(SuiteRunnerWorker.java:95)
at org.testng.TestNG.runSuitesSequentially(TestNG.java:1274)
at org.testng.TestNG.runSuitesLocally(TestNG.java:1208)
at org.testng.TestNG.runSuites(TestNG.java:1112)
at org.testng.TestNG.run(TestNG.java:1079)
at org.testng.remote.AbstractRemoteTestNG.run(AbstractRemoteTestNG.java:115)
at org.testng.remote.RemoteTestNG.initAndRun(RemoteTestNG.java:293)
at org.testng.remote.RemoteTestNG.main(RemoteTestNG.java:91)
]]>
            </full-stacktrace>
          </exception> <!-- java.lang.AssertionError -->
          <reporter-output>
          </reporter-output>
        </test-method> <!-- Test_25 -->
        <test-method is-config="true" signature="close()[pri:0, instance:org.kgisl.testScenario.TestCase_WriteNotes@792b749c]" started-at="2025-05-12T11:18:49 IST" name="close" finished-at="2025-05-12T11:18:49 IST" duration-ms="259" status="PASS">
          <reporter-output>
          </reporter-output>
        </test-method> <!-- close -->
      </class> <!-- org.kgisl.testScenario.TestCase_WriteNotes -->
    </test> <!-- Default test -->
  </suite> <!-- Default suite -->
</testng-results>
